Added Component: Designator=C1(CAPPR55-200-1100X500X1200)
Added Component: Designator=C2(CAPR51-254-508X318X736)
Added Component: Designator=C3(CAPPR55-200-1100X500X1200)
Added Component: Designator=C4(CAPR51-254-508X318X736)
Added Component: Designator=D1(AVAG-HLMP-3301-2)
Added Component: Designator=D2(AVAG-HLMP-3301-2)
Added Component: Designator=D3(AVAG-HLMP-3301-2)
Added Component: Designator=D4(AVAG-HLMP-3301-2)
Added Component: Designator=D5(AVAG-HLMP-3301-2)
Added Component: Designator=D6(AVAG-HLMP-3301-2)
Added Component: Designator=DS1(AVAG-HLMP-3301-2)
Added Component: Designator=DS2(AVAG-HLMP-3301-2)
Added Component: Designator=DS3(AVAG-HLMP-3301-2)
Added Component: Designator=DS4(AVAG-HLMP-3301-2)
Added Component: Designator=DS5(AVAG-HLMP-3301-2)
Added Component: Designator=DS6(AVAG-HLMP-3301-2)
Added Component: Designator=DS7(AVAG-HLMP-3301-2)
Added Component: Designator=DS8(AVAG-HLMP-3301-2)
Added Component: Designator=DS9(AVAG-HLMP-3301-2)
Added Component: Designator=DS10(AVAG-HLMP-3301-2)
Added Component: Designator=DS11(AVAG-HLMP-3301-2)
Added Component: Designator=DS12(AVAG-HLMP-3301-2)
Added Component: Designator=G1(N0014A)
Added Component: Designator=J1(691103110002)
Added Component: Designator=J2(691103110002)
Added Component: Designator=J3(691103110002)
Added Component: Designator=J?(691103110002)
Added Component: Designator=R1(FP-MRS25-MFG)
Added Component: Designator=R2(FP-MRS25-MFG)
Added Component: Designator=R3(FP-MRS25-MFG)
Added Component: Designator=R4(FP-MRS25-MFG)
Added Component: Designator=R5(FP-MRS25-MFG)
Added Component: Designator=R6(FP-MRS25-MFG)
Added Component: Designator=R7(FP-MRS25-MFG)
Added Component: Designator=R8(FP-MRS25-MFG)
Added Component: Designator=R9(FP-MRS25-MFG)
Added Component: Designator=R10(FP-MRS25-MFG)
Added Component: Designator=R11(FP-MRS25-MFG)
Added Component: Designator=R12(FP-MRS25-MFG)
Added Component: Designator=R13(FP-MRS25-MFG)
Added Component: Designator=R14(FP-MRS25-MFG)
Added Component: Designator=R15(FP-MRS25-MFG)
Added Component: Designator=R16(FP-MRS25-MFG)
Added Component: Designator=R17(FP-MRS25-MFG)
Added Component: Designator=R18(FP-MRS25-MFG)
Added Component: Designator=R19(FP-MRS25-MFG)
Added Component: Designator=R20(FP-MRS25-MFG)
Added Component: Designator=R21(FP-MRS25-MFG)
Added Component: Designator=R22(FP-MRS25-MFG)
Added Component: Designator=R23(FP-MRS25-MFG)
Added Component: Designator=U1(N0014A)
Added Component: Designator=U2(N0014A)
Added Component: Designator=U3(N0014A)
Added Component: Designator=U?(N0014A)
Added Component: Designator=VR1(BOUR-3296W)
Added Component: Designator=VR2(BOUR-3296W)
Added Component: Designator=VR3(BOUR-3296W)
Added Component: Designator=VR4(BOUR-3296W)
Added Component: Designator=VR5(BOUR-3296W)
Added Component: Designator=VR6(BOUR-3296W)
Added Component: Designator=VR7(BOUR-3296W)
Added Component: Designator=W1(TO220)
Added Net: Name=+5
Added Net: Name=+9
Added Net: Name=-9
Added Net: Name=GND
Added Net: Name=NetC1_1
Added Net: Name=NetD1_2
Added Net: Name=NetD2_2
Added Net: Name=NetD3_2
Added Net: Name=NetD4_2
Added Net: Name=NetD5_2
Added Net: Name=NetD6_2
Added Net: Name=NetDS1_2
Added Net: Name=NetDS2_1
Added Net: Name=NetDS3_2
Added Net: Name=NetDS4_1
Added Net: Name=NetDS5_2
Added Net: Name=NetDS6_1
Added Net: Name=NetDS7_2
Added Net: Name=NetDS8_1
Added Net: Name=NetDS9_2
Added Net: Name=NetDS10_1
Added Net: Name=NetDS11_2
Added Net: Name=NetDS12_1
Added Net: Name=NetG1_1
Added Net: Name=NetG1_2
Added Net: Name=NetG1_3
Added Net: Name=NetJ2_1
Added Net: Name=NetR4_2
Added Net: Name=NetR5_1
Added Net: Name=NetR5_2
Added Net: Name=NetR8_1
Added Net: Name=NetR9_2
Added Net: Name=NetR12_2
Added Net: Name=NetR13_1
Added Net: Name=NetR16_2
Added Net: Name=NetR20_1
Added Net: Name=NetR22_2
Added Net: Name=NetU1_2
Added Class: Name=Error Schematic
Added Room: Name=Error Schematic
